<?xml version="1.0" encoding="UTF-8"?>
<testsuite name="BibliotecaTest" tests="1" skipped="0" failures="0" errors="0" timestamp="2019-07-28T11:34:40" hostname="DESKTOP-JG6Q2JR" time="0.383">
  <properties/>
  <testcase name="shouldRecordBooks" classname="BibliotecaTest" time="0.383"/>
  <system-out><![CDATA[]]></system-out>
  <system-err><![CDATA[]]></system-err>
</testsuite>
