<?xml version="1.0" encoding="UTF-8"?>
<testsuite name="BibliotecaTest" tests="1" skipped="0" failures="0" errors="0" timestamp="2019-07-28T10:24:41" hostname="DESKTOP-JG6Q2JR" time="0.398">
  <properties/>
  <testcase name="shouldReturnBooksHaveSuccessAndFailureMesseage" classname="BibliotecaTest" time="0.398"/>
  <system-out><![CDATA[]]></system-out>
  <system-err><![CDATA[]]></system-err>
</testsuite>
